<?xml version="1.0" encoding="UTF-8"?>
<testng-results ignored="0" total="2" passed="1" failed="1" skipped="0">
  <reporter-output>
  </reporter-output>
  <suite started-at="2021-09-16T07:36:39 IST" name="All Test Suite" finished-at="2021-09-16T07:37:11 IST" duration-ms="31648">
    <groups>
    </groups>
    <test started-at="2021-09-16T07:36:39 IST" name="D:/eclipse-workspace/SitaAutomationFramework/src/test/java/tests/AdminFunctionalityTest.java" finished-at="2021-09-16T07:37:11 IST" duration-ms="31648">
      <class name="tests.AdminFunctionalityTest">
        <test-method is-config="true" signature="config()[pri:0, instance:tests.AdminFunctionalityTest@5542c4ed]" started-at="2021-09-16T07:36:38 IST" name="config" finished-at="2021-09-16T07:36:39 IST" duration-ms="1231" status="PASS">
          <reporter-output>
          </reporter-output>
        </test-method> <!-- config -->
        <test-method is-config="true" signature="beforeMethod()[pri:0, instance:tests.AdminFunctionalityTest@5542c4ed]" started-at="2021-09-16T07:36:39 IST" name="beforeMethod" finished-at="2021-09-16T07:36:48 IST" duration-ms="8392" status="PASS">
          <reporter-output>
          </reporter-output>
        </test-method> <!-- beforeMethod -->
        <test-method signature="testToShowFailure()[pri:0, instance:tests.AdminFunctionalityTest@5542c4ed]" started-at="2021-09-16T07:36:48 IST" name="testToShowFailure" finished-at="2021-09-16T07:36:48 IST" duration-ms="574" status="FAIL">
          <exception class="java.lang.AssertionError">
            <message>
              <![CDATA[expected [Title] but found [LazyCoder || sumit]]]>
            </message>
            <full-stacktrace>
              <![CDATA[java.lang.AssertionError: expected [Title] but found [LazyCoder || sumit]
at org.testng.Assert.fail(Assert.java:99)
at org.testng.Assert.failNotEquals(Assert.java:1037)
at org.testng.Assert.assertEqualsImpl(Assert.java:140)
at org.testng.Assert.assertEquals(Assert.java:122)
at org.testng.Assert.assertEquals(Assert.java:629)
at org.testng.Assert.assertEquals(Assert.java:639)
at tests.AdminFunctionalityTest.testToShowFailure(AdminFunctionalityTest.java:36)
at java.base/jdk.internal.reflect.NativeMethodAccessorImpl.invoke0(Native Method)
at java.base/jdk.internal.reflect.NativeMethodAccessorImpl.invoke(NativeMethodAccessorImpl.java:62)
at java.base/jdk.internal.reflect.DelegatingMethodAccessorImpl.invoke(DelegatingMethodAccessorImpl.java:43)
at java.base/java.lang.reflect.Method.invoke(Method.java:566)
at org.testng.internal.MethodInvocationHelper.invokeMethod(MethodInvocationHelper.java:133)
at org.testng.internal.TestInvoker.invokeMethod(TestInvoker.java:598)
at org.testng.internal.TestInvoker.invokeTestMethod(TestInvoker.java:173)
at org.testng.internal.MethodRunner.runInSequence(MethodRunner.java:46)
at org.testng.internal.TestInvoker$MethodInvocationAgent.invoke(TestInvoker.java:824)
at org.testng.internal.TestInvoker.invokeTestMethods(TestInvoker.java:146)
at org.testng.internal.TestMethodWorker.invokeTestMethods(TestMethodWorker.java:146)
at org.testng.internal.TestMethodWorker.run(TestMethodWorker.java:128)
at java.base/java.util.ArrayList.forEach(ArrayList.java:1541)
at org.testng.TestRunner.privateRun(TestRunner.java:794)
at org.testng.TestRunner.run(TestRunner.java:596)
at org.testng.SuiteRunner.runTest(SuiteRunner.java:377)
at org.testng.SuiteRunner.runSequentially(SuiteRunner.java:371)
at org.testng.SuiteRunner.privateRun(SuiteRunner.java:332)
at org.testng.SuiteRunner.run(SuiteRunner.java:276)
at org.testng.SuiteRunnerWorker.runSuite(SuiteRunnerWorker.java:53)
at org.testng.SuiteRunnerWorker.run(SuiteRunnerWorker.java:96)
at org.testng.TestNG.runSuitesSequentially(TestNG.java:1212)
at org.testng.TestNG.runSuitesLocally(TestNG.java:1134)
at org.testng.TestNG.runSuites(TestNG.java:1063)
at org.testng.TestNG.run(TestNG.java:1031)
at com.intellij.rt.testng.IDEARemoteTestNG.run(IDEARemoteTestNG.java:66)
at com.intellij.rt.testng.RemoteTestNGStarter.main(RemoteTestNGStarter.java:109)
]]>
            </full-stacktrace>
          </exception> <!-- java.lang.AssertionError -->
          <reporter-output>
          </reporter-output>
        </test-method> <!-- testToShowFailure -->
        <test-method is-config="true" signature="afterMethod(org.testng.ITestResult)[pri:0, instance:tests.AdminFunctionalityTest@5542c4ed]" started-at="2021-09-16T07:36:48 IST" name="afterMethod" finished-at="2021-09-16T07:36:56 IST" duration-ms="7476" status="PASS">
          <params>
            <param index="0">
              <value>
                <![CDATA[[TestResult name=testToShowFailure status=FAILURE method=AdminFunctionalityTest.testToShowFailure()[pri:0, instance:tests.AdminFunctionalityTest@5542c4ed] output={null}]]]>
              </value>
            </param>
          </params>
          <reporter-output>
          </reporter-output>
        </test-method> <!-- afterMethod -->
        <test-method is-config="true" signature="beforeMethod()[pri:0, instance:tests.AdminFunctionalityTest@5542c4ed]" started-at="2021-09-16T07:36:56 IST" name="beforeMethod" finished-at="2021-09-16T07:37:00 IST" duration-ms="4160" status="PASS">
          <reporter-output>
          </reporter-output>
        </test-method> <!-- beforeMethod -->
        <test-method signature="verifyAdminCreation()[pri:0, instance:tests.AdminFunctionalityTest@5542c4ed]" started-at="2021-09-16T07:37:00 IST" name="verifyAdminCreation" description="Create Admin and verify login." finished-at="2021-09-16T07:37:06 IST" duration-ms="6673" status="PASS">
          <reporter-output>
          </reporter-output>
        </test-method> <!-- verifyAdminCreation -->
        <test-method is-config="true" signature="afterMethod(org.testng.ITestResult)[pri:0, instance:tests.AdminFunctionalityTest@5542c4ed]" started-at="2021-09-16T07:37:06 IST" name="afterMethod" finished-at="2021-09-16T07:37:11 IST" duration-ms="4269" status="PASS">
          <params>
            <param index="0">
              <value>
                <![CDATA[[TestResult name=verifyAdminCreation status=SUCCESS method=AdminFunctionalityTest.verifyAdminCreation()[pri:0, instance:tests.AdminFunctionalityTest@5542c4ed] output={null}]]]>
              </value>
            </param>
          </params>
          <reporter-output>
          </reporter-output>
        </test-method> <!-- afterMethod -->
        <test-method is-config="true" signature="afterSuite()[pri:0, instance:tests.AdminFunctionalityTest@5542c4ed]" started-at="2021-09-16T07:37:11 IST" name="afterSuite" finished-at="2021-09-16T07:37:12 IST" duration-ms="986" status="PASS">
          <reporter-output>
          </reporter-output>
        </test-method> <!-- afterSuite -->
      </class> <!-- tests.AdminFunctionalityTest -->
    </test> <!-- D:/eclipse-workspace/SitaAutomationFramework/src/test/java/tests/AdminFunctionalityTest.java -->
  </suite> <!-- All Test Suite -->
</testng-results>
